[{"stream_name":"stdout","time":0.922775763,"data":"[2026-05-31 02:48:16] [INFO] [SOL.KaggleKernel] === REMOTE KAGGLE CLEANING KERNEL STARTING (AUTO-UNZIP MODE) ===\n"}
,{"stream_name":"stdout","time":0.924001009,"data":"[2026-05-31 02:48:16] [INFO] [SOL.KaggleKernel] Waiting for mounted dataset (raw.parquet) under /kaggle/input/...\n"}
,{"stream_name":"stdout","time":2.113345471,"data":"[2026-05-31 02:48:17] [INFO] [SOL.KaggleKernel] Dataset found instantly at: /kaggle/input/datasets/mohamedshalaby11/solcleanin408916a836504078b73bd817b7a52a68\n"}
,{"stream_name":"stdout","time":2.113381678,"data":"[2026-05-31 02:48:17] [INFO] [SOL.KaggleKernel] [SUCCESS] Appended paths from: '/kaggle/input/datasets/mohamedshalaby11/solcleanin408916a836504078b73bd817b7a52a68/studio_core' to sys.path.\n"}
,{"stream_name":"stdout","time":2.113389145,"data":"[2026-05-31 02:48:17] [INFO] [SOL.KaggleKernel] Loading raw dataset and strategy configurations...\n"}
,{"stream_name":"stdout","time":7.03489874,"data":"[2026-05-31 02:48:22] [INFO] [SOL.KaggleKernel] [SUCCESS] Loaded raw dataset: Shape = (5819079, 31)\n"}
,{"stream_name":"stdout","time":7.034983952,"data":"[2026-05-31 02:48:22] [INFO] [SOL.KaggleKernel] Importing SmartDataCleaner engine...\n"}
,{"stream_name":"stdout","time":10.107566645,"data":"[2026-05-31 02:48:25] [INFO] [SOL.KaggleKernel] Injecting GROQ_API_KEY into remote runtime environment.\n"}
,{"stream_name":"stdout","time":10.107620968,"data":"[2026-05-31 02:48:25] [INFO] [SOL.KaggleKernel] Starting data cleaning execution...\n"}
,{"stream_name":"stderr","time":35.757353111,"data":"/usr/local/lib/python3.12/dist-packages/sklearn/utils/validation.py:2732: UserWarning: X has feature names, but OrdinalEncoder was fitted without feature names\n"}
,{"stream_name":"stderr","time":35.757450636,"data":"  warnings.warn(\n"}
,{"stream_name":"stderr","time":35.868143411,"data":"/usr/local/lib/python3.12/dist-packages/sklearn/utils/validation.py:2732: UserWarning: X has feature names, but OrdinalEncoder was fitted without feature names\n"}
,{"stream_name":"stderr","time":35.86819889,"data":"  warnings.warn(\n"}
,{"stream_name":"stderr","time":35.89326861,"data":"/kaggle/input/datasets/mohamedshalaby11/solcleanin408916a836504078b73bd817b7a52a68/studio_core/utils/ai_imputer.py:125: FutureWarning: Downcasting object dtype arrays on .fillna, .ffill, .bfill is deprecated and will change in a future version. Call result.infer_objects(copy=False) instead. To opt-in to the future behavior, set `pd.set_option('future.no_silent_downcasting', True)`\n"}
,{"stream_name":"stderr","time":35.893332208,"data":"  X_train = X_train.fillna(0).astype(np.float32)\n"}
,{"stream_name":"stderr","time":104.203574125,"data":"Killed\n"}
,{"stream_name":"stderr","time":107.411300293,"data":"/usr/local/lib/python3.12/dist-packages/mistune.py:435: SyntaxWarning: invalid escape sequence '\\|'\n"}
,{"stream_name":"stderr","time":107.411361567,"data":"  cells[i][c] = re.sub('\\\\\\\\\\|', '|', cell)\n"}
,{"stream_name":"stderr","time":107.856770954,"data":"/usr/local/lib/python3.12/dist-packages/nbconvert/filters/filter_links.py:36: SyntaxWarning: invalid escape sequence '\\_'\n"}
,{"stream_name":"stderr","time":107.856830143,"data":"  text = re.sub(r'_', '\\_', text) # Escape underscores in display text\n"}
,{"stream_name":"stderr","time":109.67851936,"data":"[NbConvertApp] Converting notebook __script__.ipynb to html\n"}
,{"stream_name":"stderr","time":111.390726133,"data":"[NbConvertApp] Writing 304668 bytes to __results__.html\n"}
]