[{"stream_name":"stdout","time":15.31925376,"data":"=== REMOTE KAGGLE AUTOML PIPELINE STARTING ===\n"}
,{"stream_name":"stdout","time":15.319350051,"data":"Listing /kaggle/input:\n"}
,{"stream_name":"stdout","time":15.319355827,"data":"  Root: /kaggle/input, Dirs: ['datasets'], Files: []\n"}
,{"stream_name":"stdout","time":15.31935858,"data":"  Root: /kaggle/input/datasets, Dirs: ['mohamedshalaby11'], Files: []\n"}
,{"stream_name":"stdout","time":15.319361141,"data":"  Root: /kaggle/input/datasets/mohamedshalaby11, Dirs: ['dataset-automl-1780167933'], Files: []\n"}
,{"stream_name":"stdout","time":15.323125281,"data":"  Root: /kaggle/input/datasets/mohamedshalaby11/dataset-automl-1780167933, Dirs: [], Files: ['y_test.csv', 'X_test.csv', 'y_train.csv', 'X_train.csv']\n"}
,{"stream_name":"stdout","time":15.325119356,"data":"Found CSV files: ['/kaggle/input/datasets/mohamedshalaby11/dataset-automl-1780167933/y_test.csv', '/kaggle/input/datasets/mohamedshalaby11/dataset-automl-1780167933/X_test.csv', '/kaggle/input/datasets/mohamedshalaby11/dataset-automl-1780167933/y_train.csv', '/kaggle/input/datasets/mohamedshalaby11/dataset-automl-1780167933/X_train.csv']\n"}
,{"stream_name":"stdout","time":15.325176147,"data":"Discovered input directory: /kaggle/input/datasets/mohamedshalaby11/dataset-automl-1780167933\n"}
,{"stream_name":"stdout","time":15.430917366,"data":"Class distribution: {np.int64(0): np.int64(4139), np.int64(1): np.int64(1495)} | Imbalance ratio: 2.77x | Balancing active: True | Weights: {k: round(v, 4) for k, v in CLASS_WEIGHT_DICT.items()}\n"}
,{"stream_name":"stdout","time":15.430962826,"data":"Train Shape: (5634, 46) | Task: binary | Classes: 2\n"}
,{"stream_name":"stdout","time":15.43096963,"data":"Models scheduled for training: ['LogisticRegression', 'DecisionTree', 'RandomForest', 'ExtraTrees', 'XGBoost', 'LightGBM', 'CatBoost', 'GradientBoosting', 'KNN']\n"}
,{"stream_name":"stdout","time":15.430974414,"data":"Training LogisticRegression...\n"}
,{"stream_name":"stdout","time":15.715143398,"data":"  --\u003e LogisticRegression Completed | Composite Score: 0.6870\n"}
,{"stream_name":"stdout","time":15.853160247,"data":"Training DecisionTree...\n"}
,{"stream_name":"stdout","time":16.048643756,"data":"  --\u003e DecisionTree Completed | Composite Score: 0.4458\n"}
,{"stream_name":"stdout","time":16.163565543,"data":"Training RandomForest...\n"}
,{"stream_name":"stdout","time":18.260336558,"data":"  --\u003e RandomForest Completed | Composite Score: 0.1006\n"}
,{"stream_name":"stdout","time":18.377127166,"data":"Training ExtraTrees...\n"}
,{"stream_name":"stdout","time":20.419939067,"data":"  --\u003e ExtraTrees Completed | Composite Score: 0.0235\n"}
,{"stream_name":"stdout","time":20.535658086,"data":"Training XGBoost...\n"}
,{"stream_name":"stdout","time":21.415511321,"data":"  --\u003e XGBoost Completed | Composite Score: 0.3037\n"}
,{"stream_name":"stdout","time":21.536935282,"data":"Training LightGBM...\n"}
,{"stream_name":"stdout","time":22.258078843,"data":"  --\u003e LightGBM Completed | Composite Score: 0.4695\n"}
,{"stream_name":"stdout","time":22.376823409,"data":"Training CatBoost...\n"}
,{"stream_name":"stdout","time":24.082593893,"data":"  --\u003e CatBoost Completed | Composite Score: 0.6301\n"}
,{"stream_name":"stdout","time":24.202452747,"data":"Training GradientBoosting...\n"}
,{"stream_name":"stdout","time":28.674189574,"data":"  --\u003e GradientBoosting Completed | Composite Score: 0.6392\n"}
,{"stream_name":"stdout","time":28.794487843,"data":"Training KNN...\n"}
,{"stream_name":"stdout","time":29.430034994,"data":"  --\u003e KNN Completed | Composite Score: 0.5895\n"}
,{"stream_name":"stdout","time":29.551533795,"data":"Winning model 'LogisticRegression' saved successfully to /kaggle/working/best_model.pkl.\n"}
,{"stream_name":"stdout","time":29.552338222,"data":"Detailed metrics saved successfully to /kaggle/working/metrics.json.\n"}
,{"stream_name":"stderr","time":32.900554347,"data":"/usr/local/lib/python3.12/dist-packages/mistune.py:435: SyntaxWarning: invalid escape sequence '\\|'\n"}
,{"stream_name":"stderr","time":32.900619916,"data":"  cells[i][c] = re.sub('\\\\\\\\\\|', '|', cell)\n"}
,{"stream_name":"stderr","time":33.219612059,"data":"/usr/local/lib/python3.12/dist-packages/nbconvert/filters/filter_links.py:36: SyntaxWarning: invalid escape sequence '\\_'\n"}
,{"stream_name":"stderr","time":33.219645206,"data":"  text = re.sub(r'_', '\\_', text) # Escape underscores in display text\n"}
,{"stream_name":"stderr","time":34.012574542,"data":"[NbConvertApp] Converting notebook __script__.ipynb to html\n"}
,{"stream_name":"stderr","time":35.104063969,"data":"[NbConvertApp] Writing 353170 bytes to __results__.html\n"}
]