[{"stream_name":"stdout","time":13.856897734,"data":"=== REMOTE KAGGLE AUTOML PIPELINE STARTING ===\n"}
,{"stream_name":"stdout","time":13.856978215,"data":"Listing /kaggle/input:\n"}
,{"stream_name":"stdout","time":13.856985462,"data":"  Root: /kaggle/input, Dirs: ['datasets'], Files: []\n"}
,{"stream_name":"stdout","time":13.857038215,"data":"  Root: /kaggle/input/datasets, Dirs: ['mohamedshalaby11'], Files: []\n"}
,{"stream_name":"stdout","time":13.857060392,"data":"  Root: /kaggle/input/datasets/mohamedshalaby11, Dirs: ['dataset-automl-1780170159'], Files: []\n"}
,{"stream_name":"stdout","time":13.863676001,"data":"  Root: /kaggle/input/datasets/mohamedshalaby11/dataset-automl-1780170159, Dirs: [], Files: ['y_test.csv', 'X_test.csv', 'y_train.csv', 'X_train.csv']\n"}
,{"stream_name":"stdout","time":13.865883786,"data":"Found CSV files: ['/kaggle/input/datasets/mohamedshalaby11/dataset-automl-1780170159/y_test.csv', '/kaggle/input/datasets/mohamedshalaby11/dataset-automl-1780170159/X_test.csv', '/kaggle/input/datasets/mohamedshalaby11/dataset-automl-1780170159/y_train.csv', '/kaggle/input/datasets/mohamedshalaby11/dataset-automl-1780170159/X_train.csv']\n"}
,{"stream_name":"stdout","time":13.865912377,"data":"Discovered input directory: /kaggle/input/datasets/mohamedshalaby11/dataset-automl-1780170159\n"}
,{"stream_name":"stdout","time":13.967698287,"data":"Class distribution: {np.int64(0): np.int64(4139), np.int64(1): np.int64(1495)} | Imbalance ratio: 2.77x | Balancing active: True | Weights: {k: round(v, 4) for k, v in CLASS_WEIGHT_DICT.items()}\n"}
,{"stream_name":"stdout","time":13.967736978,"data":"Train Shape: (5634, 46) | Task: binary | Classes: 2\n"}
,{"stream_name":"stdout","time":13.967748889,"data":"Models scheduled for training: ['LogisticRegression', 'DecisionTree', 'RandomForest', 'ExtraTrees', 'XGBoost', 'LightGBM', 'CatBoost', 'GradientBoosting', 'KNN']\n"}
,{"stream_name":"stdout","time":13.967752381,"data":"Training LogisticRegression...\n"}
,{"stream_name":"stdout","time":14.269679456,"data":"  --\u003e LogisticRegression Completed | Composite Score: 0.6870\n"}
,{"stream_name":"stdout","time":14.413706676,"data":"Training DecisionTree...\n"}
,{"stream_name":"stdout","time":14.59351795,"data":"  --\u003e DecisionTree Completed | Composite Score: 0.6604\n"}
,{"stream_name":"stdout","time":14.715701733,"data":"Training RandomForest...\n"}
,{"stream_name":"stdout","time":16.745075312,"data":"  --\u003e RandomForest Completed | Composite Score: 0.6416\n"}
,{"stream_name":"stdout","time":16.871914407,"data":"Training ExtraTrees...\n"}
,{"stream_name":"stdout","time":18.642991082,"data":"  --\u003e ExtraTrees Completed | Composite Score: 0.6236\n"}
,{"stream_name":"stdout","time":18.766464367,"data":"Training XGBoost...\n"}
,{"stream_name":"stdout","time":19.510970936,"data":"  --\u003e XGBoost Completed | Composite Score: 0.3037\n"}
,{"stream_name":"stdout","time":19.634916484,"data":"Training LightGBM...\n"}
,{"stream_name":"stdout","time":20.384325035,"data":"  --\u003e LightGBM Completed | Composite Score: 0.4695\n"}
,{"stream_name":"stdout","time":20.510557909,"data":"Training CatBoost...\n"}
,{"stream_name":"stdout","time":22.461436892,"data":"  --\u003e CatBoost Completed | Composite Score: 0.6301\n"}
,{"stream_name":"stdout","time":22.585339752,"data":"Training GradientBoosting...\n"}
,{"stream_name":"stdout","time":27.187759074,"data":"  --\u003e GradientBoosting Completed | Composite Score: 0.6392\n"}
,{"stream_name":"stdout","time":27.312257098,"data":"Training KNN...\n"}
,{"stream_name":"stdout","time":28.007048999,"data":"  --\u003e KNN Completed | Composite Score: 0.5895\n"}
,{"stream_name":"stdout","time":28.135333515,"data":"Winning model 'LogisticRegression' saved successfully to /kaggle/working/best_model.pkl.\n"}
,{"stream_name":"stdout","time":28.136151517,"data":"Detailed metrics saved successfully to /kaggle/working/metrics.json.\n"}
,{"stream_name":"stderr","time":31.583028125,"data":"/usr/local/lib/python3.12/dist-packages/mistune.py:435: SyntaxWarning: invalid escape sequence '\\|'\n"}
,{"stream_name":"stderr","time":31.583121322,"data":"  cells[i][c] = re.sub('\\\\\\\\\\|', '|', cell)\n"}
,{"stream_name":"stderr","time":31.876297246,"data":"/usr/local/lib/python3.12/dist-packages/nbconvert/filters/filter_links.py:36: SyntaxWarning: invalid escape sequence '\\_'\n"}
,{"stream_name":"stderr","time":31.876383048,"data":"  text = re.sub(r'_', '\\_', text) # Escape underscores in display text\n"}
,{"stream_name":"stderr","time":32.690763667,"data":"[NbConvertApp] Converting notebook __script__.ipynb to html\n"}
,{"stream_name":"stderr","time":33.850780606,"data":"[NbConvertApp] Writing 354274 bytes to __results__.html\n"}
]