[{"stream_name":"stdout","time":11.720675876,"data":"=== REMOTE KAGGLE AUTOML PIPELINE STARTING ===\n"}
,{"stream_name":"stdout","time":11.720758828,"data":"Listing /kaggle/input:\n"}
,{"stream_name":"stdout","time":11.720764559,"data":"  Root: /kaggle/input, Dirs: ['datasets'], Files: []\n"}
,{"stream_name":"stdout","time":11.720768023,"data":"  Root: /kaggle/input/datasets, Dirs: ['mohamedshalaby11'], Files: []\n"}
,{"stream_name":"stdout","time":11.720771421,"data":"  Root: /kaggle/input/datasets/mohamedshalaby11, Dirs: ['dataset-automl-1780168731'], Files: []\n"}
,{"stream_name":"stdout","time":11.732830573,"data":"  Root: /kaggle/input/datasets/mohamedshalaby11/dataset-automl-1780168731, Dirs: [], Files: ['y_test.csv', 'X_test.csv', 'y_train.csv', 'X_train.csv']\n"}
,{"stream_name":"stdout","time":11.734419565,"data":"Found CSV files: ['/kaggle/input/datasets/mohamedshalaby11/dataset-automl-1780168731/y_test.csv', '/kaggle/input/datasets/mohamedshalaby11/dataset-automl-1780168731/X_test.csv', '/kaggle/input/datasets/mohamedshalaby11/dataset-automl-1780168731/y_train.csv', '/kaggle/input/datasets/mohamedshalaby11/dataset-automl-1780168731/X_train.csv']\n"}
,{"stream_name":"stdout","time":11.734449835,"data":"Discovered input directory: /kaggle/input/datasets/mohamedshalaby11/dataset-automl-1780168731\n"}
,{"stream_name":"stdout","time":11.827225987,"data":"Class distribution: {np.int64(0): np.int64(4139), np.int64(1): np.int64(1495)} | Imbalance ratio: 2.77x | Balancing active: True | Weights: {k: round(v, 4) for k, v in CLASS_WEIGHT_DICT.items()}\n"}
,{"stream_name":"stdout","time":11.827265976,"data":"Train Shape: (5634, 46) | Task: binary | Classes: 2\n"}
,{"stream_name":"stdout","time":11.827271876,"data":"Models scheduled for training: ['LogisticRegression', 'DecisionTree', 'RandomForest', 'ExtraTrees', 'XGBoost', 'LightGBM', 'CatBoost', 'GradientBoosting', 'KNN']\n"}
,{"stream_name":"stdout","time":11.827276968,"data":"Training LogisticRegression...\n"}
,{"stream_name":"stdout","time":12.116989738,"data":"  --\u003e LogisticRegression Completed | Composite Score: 0.6870\n"}
,{"stream_name":"stdout","time":12.291009282,"data":"Training DecisionTree...\n"}
,{"stream_name":"stdout","time":12.519855668,"data":"  --\u003e DecisionTree Completed | Composite Score: 0.4458\n"}
,{"stream_name":"stdout","time":12.647994557,"data":"Training RandomForest...\n"}
,{"stream_name":"stdout","time":14.851335945,"data":"  --\u003e RandomForest Completed | Composite Score: 0.1006\n"}
,{"stream_name":"stdout","time":14.972919599,"data":"Training ExtraTrees...\n"}
,{"stream_name":"stdout","time":17.112586426,"data":"  --\u003e ExtraTrees Completed | Composite Score: 0.0235\n"}
,{"stream_name":"stdout","time":17.233623065,"data":"Training XGBoost...\n"}
,{"stream_name":"stdout","time":17.979266277,"data":"  --\u003e XGBoost Completed | Composite Score: 0.3037\n"}
,{"stream_name":"stdout","time":18.101065821,"data":"Training LightGBM...\n"}
,{"stream_name":"stdout","time":18.817383649,"data":"  --\u003e LightGBM Completed | Composite Score: 0.4695\n"}
,{"stream_name":"stdout","time":18.940384679,"data":"Training CatBoost...\n"}
,{"stream_name":"stdout","time":20.721218449,"data":"  --\u003e CatBoost Completed | Composite Score: 0.6301\n"}
,{"stream_name":"stdout","time":20.843192738,"data":"Training GradientBoosting...\n"}
,{"stream_name":"stdout","time":25.4478936,"data":"  --\u003e GradientBoosting Completed | Composite Score: 0.6392\n"}
,{"stream_name":"stdout","time":25.570672423,"data":"Training KNN...\n"}
,{"stream_name":"stdout","time":26.279892344,"data":"  --\u003e KNN Completed | Composite Score: 0.5895\n"}
,{"stream_name":"stdout","time":26.403586782,"data":"Winning model 'LogisticRegression' saved successfully to /kaggle/working/best_model.pkl.\n"}
,{"stream_name":"stdout","time":26.40444151,"data":"Detailed metrics saved successfully to /kaggle/working/metrics.json.\n"}
,{"stream_name":"stderr","time":29.510130194,"data":"/usr/local/lib/python3.12/dist-packages/mistune.py:435: SyntaxWarning: invalid escape sequence '\\|'\n"}
,{"stream_name":"stderr","time":29.510189103,"data":"  cells[i][c] = re.sub('\\\\\\\\\\|', '|', cell)\n"}
,{"stream_name":"stderr","time":29.768956927,"data":"/usr/local/lib/python3.12/dist-packages/nbconvert/filters/filter_links.py:36: SyntaxWarning: invalid escape sequence '\\_'\n"}
,{"stream_name":"stderr","time":29.768988735,"data":"  text = re.sub(r'_', '\\_', text) # Escape underscores in display text\n"}
,{"stream_name":"stderr","time":30.592353324,"data":"[NbConvertApp] Converting notebook __script__.ipynb to html\n"}
,{"stream_name":"stderr","time":31.65862141,"data":"[NbConvertApp] Writing 353170 bytes to __results__.html\n"}
]