[{"stream_name":"stdout","time":13.267745452,"data":"=== REMOTE KAGGLE AUTOML PIPELINE STARTING ===\n"}
,{"stream_name":"stdout","time":13.267803089,"data":"Listing /kaggle/input:\n"}
,{"stream_name":"stdout","time":13.267808532,"data":"  Root: /kaggle/input, Dirs: ['datasets'], Files: []\n"}
,{"stream_name":"stdout","time":13.267811906,"data":"  Root: /kaggle/input/datasets, Dirs: ['mohamedshalaby11'], Files: []\n"}
,{"stream_name":"stdout","time":13.267815593,"data":"  Root: /kaggle/input/datasets/mohamedshalaby11, Dirs: ['dataset-automl-4e74190f57664749847c'], Files: []\n"}
,{"stream_name":"stdout","time":13.272926262,"data":"  Root: /kaggle/input/datasets/mohamedshalaby11/dataset-automl-4e74190f57664749847c, Dirs: [], Files: ['y_test.csv', 'X_test.csv', 'y_train.csv', 'X_train.csv']\n"}
,{"stream_name":"stdout","time":13.274612838,"data":"Found CSV files: ['/kaggle/input/datasets/mohamedshalaby11/dataset-automl-4e74190f57664749847c/y_test.csv', '/kaggle/input/datasets/mohamedshalaby11/dataset-automl-4e74190f57664749847c/X_test.csv', '/kaggle/input/datasets/mohamedshalaby11/dataset-automl-4e74190f57664749847c/y_train.csv', '/kaggle/input/datasets/mohamedshalaby11/dataset-automl-4e74190f57664749847c/X_train.csv']\n"}
,{"stream_name":"stdout","time":13.274648313,"data":"Discovered input directory: /kaggle/input/datasets/mohamedshalaby11/dataset-automl-4e74190f57664749847c\n"}
,{"stream_name":"stdout","time":13.310786227,"data":"Class distribution: {np.int64(0): np.int64(39), np.int64(1): np.int64(40), np.int64(2): np.int64(39)} | Imbalance ratio: 1.03x | Balancing active: False | Weights: {k: round(v, 4) for k, v in CLASS_WEIGHT_DICT.items()}\n"}
,{"stream_name":"stdout","time":13.310824539,"data":"Train Shape: (118, 4) | Task: multiclass | Classes: 3\n"}
,{"stream_name":"stdout","time":13.310831578,"data":"Models scheduled for training: ['LogisticRegression', 'KNN', 'SVM', 'DecisionTree', 'RandomForest', 'ExtraTrees', 'GradientBoosting', 'XGBoost']\n"}
,{"stream_name":"stdout","time":13.310837326,"data":"Training LogisticRegression...\n"}
,{"stream_name":"stdout","time":13.499492579,"data":"  --\u003e LogisticRegression Completed | Composite Score: 0.9428\n"}
,{"stream_name":"stdout","time":13.619410005,"data":"Training KNN...\n"}
,{"stream_name":"stdout","time":13.829170641,"data":"  --\u003e KNN Completed | Composite Score: 0.9196\n"}
,{"stream_name":"stdout","time":13.93404681,"data":"Training SVM...\n"}
,{"stream_name":"stdout","time":14.066155009,"data":"  --\u003e SVM Completed | Composite Score: 0.9328\n"}
,{"stream_name":"stdout","time":14.171526643,"data":"Training DecisionTree...\n"}
,{"stream_name":"stdout","time":14.300395038,"data":"  --\u003e DecisionTree Completed | Composite Score: 0.9553\n"}
,{"stream_name":"stdout","time":14.402945399,"data":"Training RandomForest...\n"}
,{"stream_name":"stdout","time":16.002907781,"data":"  --\u003e RandomForest Completed | Composite Score: 0.9278\n"}
,{"stream_name":"stdout","time":16.110761487,"data":"Training ExtraTrees...\n"}
,{"stream_name":"stdout","time":17.410057036,"data":"  --\u003e ExtraTrees Completed | Composite Score: 0.9278\n"}
,{"stream_name":"stdout","time":17.514296256,"data":"Training GradientBoosting...\n"}
,{"stream_name":"stdout","time":20.465962774,"data":"  --\u003e GradientBoosting Completed | Composite Score: 0.9284\n"}
,{"stream_name":"stdout","time":20.569971232,"data":"Training XGBoost...\n"}
,{"stream_name":"stdout","time":20.950639424,"data":"  --\u003e XGBoost Completed | Composite Score: 0.9404\n"}
,{"stream_name":"stdout","time":21.054896361,"data":"Top 3 baseline models selected for deep tuning: ['DecisionTree', 'LogisticRegression', 'XGBoost']\n"}
,{"stream_name":"stdout","time":21.054937026,"data":"Executing deep tuning sweep for: DecisionTree...\n"}
,{"stream_name":"stdout","time":24.081057003,"data":"  Tuning complete for DecisionTree. Best params: {'min_samples_split': 5, 'min_samples_leaf': 4, 'max_depth': 6}\n"}
,{"stream_name":"stdout","time":24.207250911,"data":"  --\u003e Tuned_DecisionTree Completed | Composite Score: 0.9553\n"}
,{"stream_name":"stdout","time":24.207309952,"data":"Executing deep tuning sweep for: LogisticRegression...\n"}
,{"stream_name":"stderr","time":24.211718963,"data":"/usr/local/lib/python3.12/dist-packages/sklearn/model_selection/_search.py:317: UserWarning: The total space of parameters 4 is smaller than n_iter=5. Running 4 iterations. For exhaustive searches, use GridSearchCV.\n"}
,{"stream_name":"stderr","time":24.211764257,"data":"  warnings.warn(\n"}
,{"stream_name":"stdout","time":24.321426501,"data":"  Tuning complete for LogisticRegression. Best params: {'C': 10.0}\n"}
,{"stream_name":"stdout","time":24.484753196,"data":"  --\u003e Tuned_LogisticRegression Completed | Composite Score: 0.9556\n"}
,{"stream_name":"stdout","time":24.484822534,"data":"Executing deep tuning sweep for: XGBoost...\n"}
,{"stream_name":"stdout","time":24.99795551,"data":"  Tuning complete for XGBoost. Best params: {'n_estimators': 100, 'max_depth': 3, 'learning_rate': 0.01}\n"}
,{"stream_name":"stdout","time":25.253742252,"data":"  --\u003e Tuned_XGBoost Completed | Composite Score: 0.9404\n"}
,{"stream_name":"stdout","time":25.255024785,"data":"Ultimate Champion model 'Tuned_LogisticRegression' saved successfully to /kaggle/working/best_model.pkl.\n"}
,{"stream_name":"stdout","time":25.255908354,"data":"Detailed metrics saved successfully to /kaggle/working/metrics.json.\n"}
,{"stream_name":"stderr","time":28.899824383,"data":"/usr/local/lib/python3.12/dist-packages/mistune.py:435: SyntaxWarning: invalid escape sequence '\\|'\n"}
,{"stream_name":"stderr","time":28.89992332,"data":"  cells[i][c] = re.sub('\\\\\\\\\\|', '|', cell)\n"}
,{"stream_name":"stderr","time":29.208039062,"data":"/usr/local/lib/python3.12/dist-packages/nbconvert/filters/filter_links.py:36: SyntaxWarning: invalid escape sequence '\\_'\n"}
,{"stream_name":"stderr","time":29.208087791,"data":"  text = re.sub(r'_', '\\_', text) # Escape underscores in display text\n"}
,{"stream_name":"stderr","time":29.990945388,"data":"[NbConvertApp] Converting notebook __script__.ipynb to html\n"}
,{"stream_name":"stderr","time":31.169426013,"data":"[NbConvertApp] Writing 388143 bytes to __results__.html\n"}
]